0 info it worked if it ends with ok
1 verbose cli [ '/home/ahmed/.nvm/v0.10.0/bin/node',
1 verbose cli   '/home/ahmed/.nvm/v0.10.0/bin/npm',
1 verbose cli   'install',
1 verbose cli   'gulp-util' ]
2 info using npm@1.2.14
3 info using node@v0.10.0
4 verbose read json /home/ahmed/Oivan/Rails7/student_assessment/package.json
5 verbose read json /home/ahmed/Oivan/Rails7/student_assessment/node_modules/@babel/package.json
6 verbose read json /home/ahmed/Oivan/Rails7/student_assessment/node_modules/JSONStream/package.json
7 verbose read json /home/ahmed/Oivan/Rails7/student_assessment/node_modules/accepts/package.json
8 verbose read json /home/ahmed/Oivan/Rails7/student_assessment/node_modules/acorn/package.json
9 verbose read json /home/ahmed/Oivan/Rails7/student_assessment/node_modules/acorn-node/package.json
10 verbose read json /home/ahmed/Oivan/Rails7/student_assessment/node_modules/acorn-walk/package.json
11 verbose read json /home/ahmed/Oivan/Rails7/student_assessment/node_modules/ansi-colors/package.json
12 verbose read json /home/ahmed/Oivan/Rails7/student_assessment/node_modules/ansi-cyan/package.json
13 verbose read json /home/ahmed/Oivan/Rails7/student_assessment/node_modules/ansi-gray/package.json
14 verbose read json /home/ahmed/Oivan/Rails7/student_assessment/node_modules/ansi-red/package.json
15 verbose read json /home/ahmed/Oivan/Rails7/student_assessment/node_modules/ansi-regex/package.json
16 verbose read json /home/ahmed/Oivan/Rails7/student_assessment/node_modules/ansi-styles/package.json
17 verbose read json /home/ahmed/Oivan/Rails7/student_assessment/node_modules/ansi-wrap/package.json
18 verbose read json /home/ahmed/Oivan/Rails7/student_assessment/node_modules/anymatch/package.json
19 verbose read json /home/ahmed/Oivan/Rails7/student_assessment/node_modules/archy/package.json
20 verbose read json /home/ahmed/Oivan/Rails7/student_assessment/node_modules/argh/package.json
21 verbose read json /home/ahmed/Oivan/Rails7/student_assessment/node_modules/arr-diff/package.json
22 verbose read json /home/ahmed/Oivan/Rails7/student_assessment/node_modules/arr-flatten/package.json
23 verbose read json /home/ahmed/Oivan/Rails7/student_assessment/node_modules/arr-union/package.json
24 verbose read json /home/ahmed/Oivan/Rails7/student_assessment/node_modules/array-differ/package.json
25 verbose read json /home/ahmed/Oivan/Rails7/student_assessment/node_modules/array-each/package.json
26 verbose read json /home/ahmed/Oivan/Rails7/student_assessment/node_modules/array-slice/package.json
27 verbose read json /home/ahmed/Oivan/Rails7/student_assessment/node_modules/array-uniq/package.json
28 verbose read json /home/ahmed/Oivan/Rails7/student_assessment/node_modules/array-unique/package.json
29 verbose read json /home/ahmed/Oivan/Rails7/student_assessment/node_modules/asn1.js/package.json
30 verbose read json /home/ahmed/Oivan/Rails7/student_assessment/node_modules/assert/package.json
31 verbose read json /home/ahmed/Oivan/Rails7/student_assessment/node_modules/assign-symbols/package.json
32 verbose read json /home/ahmed/Oivan/Rails7/student_assessment/node_modules/async/package.json
33 verbose read json /home/ahmed/Oivan/Rails7/student_assessment/node_modules/atob/package.json
34 verbose read json /home/ahmed/Oivan/Rails7/student_assessment/node_modules/autoprefixer/package.json
35 verbose read json /home/ahmed/Oivan/Rails7/student_assessment/node_modules/available-typed-arrays/package.json
36 verbose read json /home/ahmed/Oivan/Rails7/student_assessment/node_modules/balanced-match/package.json
37 verbose read json /home/ahmed/Oivan/Rails7/student_assessment/node_modules/base/package.json
38 verbose read json /home/ahmed/Oivan/Rails7/student_assessment/node_modules/base64-js/package.json
39 verbose read json /home/ahmed/Oivan/Rails7/student_assessment/node_modules/batch/package.json
40 verbose read json /home/ahmed/Oivan/Rails7/student_assessment/node_modules/beeper/package.json
41 verbose read json /home/ahmed/Oivan/Rails7/student_assessment/node_modules/binary-extensions/package.json
42 verbose read json /home/ahmed/Oivan/Rails7/student_assessment/node_modules/bn.js/package.json
43 verbose read json /home/ahmed/Oivan/Rails7/student_assessment/node_modules/body/package.json
44 verbose read json /home/ahmed/Oivan/Rails7/student_assessment/node_modules/brace-expansion/package.json
45 verbose read json /home/ahmed/Oivan/Rails7/student_assessment/node_modules/braces/package.json
46 verbose read json /home/ahmed/Oivan/Rails7/student_assessment/node_modules/brorand/package.json
47 verbose read json /home/ahmed/Oivan/Rails7/student_assessment/node_modules/browser-pack/package.json
48 verbose read json /home/ahmed/Oivan/Rails7/student_assessment/node_modules/browser-resolve/package.json
49 verbose read json /home/ahmed/Oivan/Rails7/student_assessment/node_modules/browserify/package.json
50 verbose read json /home/ahmed/Oivan/Rails7/student_assessment/node_modules/browserify-aes/package.json
51 verbose read json /home/ahmed/Oivan/Rails7/student_assessment/node_modules/browserify-cipher/package.json
52 verbose read json /home/ahmed/Oivan/Rails7/student_assessment/node_modules/browserify-des/package.json
53 verbose read json /home/ahmed/Oivan/Rails7/student_assessment/node_modules/browserify-rsa/package.json
54 verbose read json /home/ahmed/Oivan/Rails7/student_assessment/node_modules/browserify-sign/package.json
55 verbose read json /home/ahmed/Oivan/Rails7/student_assessment/node_modules/browserify-zlib/package.json
56 verbose read json /home/ahmed/Oivan/Rails7/student_assessment/node_modules/browserslist/package.json
57 verbose read json /home/ahmed/Oivan/Rails7/student_assessment/node_modules/buffer/package.json
58 verbose read json /home/ahmed/Oivan/Rails7/student_assessment/node_modules/buffer-from/package.json
59 verbose read json /home/ahmed/Oivan/Rails7/student_assessment/node_modules/buffer-xor/package.json
60 verbose read json /home/ahmed/Oivan/Rails7/student_assessment/node_modules/builtin-status-codes/package.json
61 verbose read json /home/ahmed/Oivan/Rails7/student_assessment/node_modules/bytes/package.json
62 verbose read json /home/ahmed/Oivan/Rails7/student_assessment/node_modules/cache-base/package.json
63 verbose read json /home/ahmed/Oivan/Rails7/student_assessment/node_modules/cache-swap/package.json
64 verbose read json /home/ahmed/Oivan/Rails7/student_assessment/node_modules/cached-path-relative/package.json
65 verbose read json /home/ahmed/Oivan/Rails7/student_assessment/node_modules/call-bind/package.json
66 verbose read json /home/ahmed/Oivan/Rails7/student_assessment/node_modules/caniuse-lite/package.json
67 verbose read json /home/ahmed/Oivan/Rails7/student_assessment/node_modules/chalk/package.json
68 verbose read json /home/ahmed/Oivan/Rails7/student_assessment/node_modules/chokidar/package.json
69 verbose read json /home/ahmed/Oivan/Rails7/student_assessment/node_modules/cipher-base/package.json
70 verbose read json /home/ahmed/Oivan/Rails7/student_assessment/node_modules/class-utils/package.json
71 verbose read json /home/ahmed/Oivan/Rails7/student_assessment/node_modules/cli/package.json
72 verbose read json /home/ahmed/Oivan/Rails7/student_assessment/node_modules/cli-color/package.json
73 verbose read json /home/ahmed/Oivan/Rails7/student_assessment/node_modules/clone/package.json
74 verbose read json /home/ahmed/Oivan/Rails7/student_assessment/node_modules/clone-buffer/package.json
75 verbose read json /home/ahmed/Oivan/Rails7/student_assessment/node_modules/clone-stats/package.json
76 verbose read json /home/ahmed/Oivan/Rails7/student_assessment/node_modules/cloneable-readable/package.json
77 verbose read json /home/ahmed/Oivan/Rails7/student_assessment/node_modules/collection-visit/package.json
78 verbose read json /home/ahmed/Oivan/Rails7/student_assessment/node_modules/color/package.json
79 verbose read json /home/ahmed/Oivan/Rails7/student_assessment/node_modules/color-convert/package.json
80 verbose read json /home/ahmed/Oivan/Rails7/student_assessment/node_modules/color-name/package.json
81 verbose read json /home/ahmed/Oivan/Rails7/student_assessment/node_modules/color-string/package.json
82 verbose read json /home/ahmed/Oivan/Rails7/student_assessment/node_modules/color-support/package.json
83 verbose read json /home/ahmed/Oivan/Rails7/student_assessment/node_modules/colornames/package.json
84 verbose read json /home/ahmed/Oivan/Rails7/student_assessment/node_modules/colorspace/package.json
85 verbose read json /home/ahmed/Oivan/Rails7/student_assessment/node_modules/combine-source-map/package.json
86 verbose read json /home/ahmed/Oivan/Rails7/student_assessment/node_modules/component-emitter/package.json
87 verbose read json /home/ahmed/Oivan/Rails7/student_assessment/node_modules/concat-map/package.json
88 verbose read json /home/ahmed/Oivan/Rails7/student_assessment/node_modules/concat-stream/package.json
89 verbose read json /home/ahmed/Oivan/Rails7/student_assessment/node_modules/connect/package.json
90 verbose read json /home/ahmed/Oivan/Rails7/student_assessment/node_modules/connect-livereload/package.json
91 verbose read json /home/ahmed/Oivan/Rails7/student_assessment/node_modules/console-browserify/package.json
92 verbose read json /home/ahmed/Oivan/Rails7/student_assessment/node_modules/constants-browserify/package.json
93 verbose read json /home/ahmed/Oivan/Rails7/student_assessment/node_modules/continuable-cache/package.json
94 verbose read json /home/ahmed/Oivan/Rails7/student_assessment/node_modules/convert-source-map/package.json
95 verbose read json /home/ahmed/Oivan/Rails7/student_assessment/node_modules/copy-anything/package.json
96 verbose read json /home/ahmed/Oivan/Rails7/student_assessment/node_modules/copy-descriptor/package.json
97 verbose read json /home/ahmed/Oivan/Rails7/student_assessment/node_modules/core-js/package.json
98 verbose read json /home/ahmed/Oivan/Rails7/student_assessment/node_modules/core-util-is/package.json
99 verbose read json /home/ahmed/Oivan/Rails7/student_assessment/node_modules/create-ecdh/package.json
100 verbose read json /home/ahmed/Oivan/Rails7/student_assessment/node_modules/create-hash/package.json
101 verbose read json /home/ahmed/Oivan/Rails7/student_assessment/node_modules/create-hmac/package.json
102 verbose read json /home/ahmed/Oivan/Rails7/student_assessment/node_modules/cross-spawn/package.json
103 verbose read json /home/ahmed/Oivan/Rails7/student_assessment/node_modules/crypto-browserify/package.json
104 verbose read json /home/ahmed/Oivan/Rails7/student_assessment/node_modules/d/package.json
105 verbose read json /home/ahmed/Oivan/Rails7/student_assessment/node_modules/dargs/package.json
106 verbose read json /home/ahmed/Oivan/Rails7/student_assessment/node_modules/dash-ast/package.json
107 verbose read json /home/ahmed/Oivan/Rails7/student_assessment/node_modules/date-now/package.json
108 verbose read json /home/ahmed/Oivan/Rails7/student_assessment/node_modules/dateformat/package.json
109 verbose read json /home/ahmed/Oivan/Rails7/student_assessment/node_modules/debug/package.json
110 verbose read json /home/ahmed/Oivan/Rails7/student_assessment/node_modules/decode-uri-component/package.json
111 verbose read json /home/ahmed/Oivan/Rails7/student_assessment/node_modules/defaults/package.json
112 verbose read json /home/ahmed/Oivan/Rails7/student_assessment/node_modules/define-properties/package.json
113 verbose read json /home/ahmed/Oivan/Rails7/student_assessment/node_modules/define-property/package.json
114 verbose read json /home/ahmed/Oivan/Rails7/student_assessment/node_modules/defined/package.json
115 verbose read json /home/ahmed/Oivan/Rails7/student_assessment/node_modules/depd/package.json
116 verbose read json /home/ahmed/Oivan/Rails7/student_assessment/node_modules/deprecated/package.json
117 verbose read json /home/ahmed/Oivan/Rails7/student_assessment/node_modules/deps-sort/package.json
118 verbose read json /home/ahmed/Oivan/Rails7/student_assessment/node_modules/des.js/package.json
119 verbose read json /home/ahmed/Oivan/Rails7/student_assessment/node_modules/destroy/package.json
120 verbose read json /home/ahmed/Oivan/Rails7/student_assessment/node_modules/detect-file/package.json
121 verbose read json /home/ahmed/Oivan/Rails7/student_assessment/node_modules/detective/package.json
122 verbose read json /home/ahmed/Oivan/Rails7/student_assessment/node_modules/diagnostics/package.json
123 verbose read json /home/ahmed/Oivan/Rails7/student_assessment/node_modules/diffie-hellman/package.json
124 verbose read json /home/ahmed/Oivan/Rails7/student_assessment/node_modules/dom-serializer/package.json
125 verbose read json /home/ahmed/Oivan/Rails7/student_assessment/node_modules/domain-browser/package.json
126 verbose read json /home/ahmed/Oivan/Rails7/student_assessment/node_modules/domelementtype/package.json
127 verbose read json /home/ahmed/Oivan/Rails7/student_assessment/node_modules/domhandler/package.json
128 verbose read json /home/ahmed/Oivan/Rails7/student_assessment/node_modules/domutils/package.json
129 verbose read json /home/ahmed/Oivan/Rails7/student_assessment/node_modules/duplexer/package.json
130 verbose read json /home/ahmed/Oivan/Rails7/student_assessment/node_modules/duplexer2/package.json
131 verbose read json /home/ahmed/Oivan/Rails7/student_assessment/node_modules/each-async/package.json
132 verbose read json /home/ahmed/Oivan/Rails7/student_assessment/node_modules/ee-first/package.json
133 verbose read json /home/ahmed/Oivan/Rails7/student_assessment/node_modules/electron-to-chromium/package.json
134 verbose read json /home/ahmed/Oivan/Rails7/student_assessment/node_modules/elliptic/package.json
135 verbose read json /home/ahmed/Oivan/Rails7/student_assessment/node_modules/emits/package.json
136 verbose read json /home/ahmed/Oivan/Rails7/student_assessment/node_modules/enabled/package.json
137 verbose read json /home/ahmed/Oivan/Rails7/student_assessment/node_modules/encodeurl/package.json
138 verbose read json /home/ahmed/Oivan/Rails7/student_assessment/node_modules/end-of-stream/package.json
139 verbose read json /home/ahmed/Oivan/Rails7/student_assessment/node_modules/entities/package.json
140 verbose read json /home/ahmed/Oivan/Rails7/student_assessment/node_modules/env-variable/package.json
141 verbose read json /home/ahmed/Oivan/Rails7/student_assessment/node_modules/errno/package.json
142 verbose read json /home/ahmed/Oivan/Rails7/student_assessment/node_modules/error/package.json
143 verbose read json /home/ahmed/Oivan/Rails7/student_assessment/node_modules/es-abstract/package.json
144 verbose read json /home/ahmed/Oivan/Rails7/student_assessment/node_modules/es-to-primitive/package.json
145 verbose read json /home/ahmed/Oivan/Rails7/student_assessment/node_modules/es5-ext/package.json
146 verbose read json /home/ahmed/Oivan/Rails7/student_assessment/node_modules/es6-iterator/package.json
147 verbose read json /home/ahmed/Oivan/Rails7/student_assessment/node_modules/es6-symbol/package.json
148 verbose read json /home/ahmed/Oivan/Rails7/student_assessment/node_modules/es6-weak-map/package.json
149 verbose read json /home/ahmed/Oivan/Rails7/student_assessment/node_modules/escalade/package.json
150 verbose read json /home/ahmed/Oivan/Rails7/student_assessment/node_modules/escape-html/package.json
151 verbose read json /home/ahmed/Oivan/Rails7/student_assessment/node_modules/escape-string-regexp/package.json
152 verbose read json /home/ahmed/Oivan/Rails7/student_assessment/node_modules/etag/package.json
153 verbose read json /home/ahmed/Oivan/Rails7/student_assessment/node_modules/event-emitter/package.json
154 verbose read json /home/ahmed/Oivan/Rails7/student_assessment/node_modules/events/package.json
155 verbose read json /home/ahmed/Oivan/Rails7/student_assessment/node_modules/evp_bytestokey/package.json
156 verbose read json /home/ahmed/Oivan/Rails7/student_assessment/node_modules/exit/package.json
157 verbose read json /home/ahmed/Oivan/Rails7/student_assessment/node_modules/expand-brackets/package.json
158 verbose read json /home/ahmed/Oivan/Rails7/student_assessment/node_modules/expand-tilde/package.json
159 verbose read json /home/ahmed/Oivan/Rails7/student_assessment/node_modules/ext/package.json
160 verbose read json /home/ahmed/Oivan/Rails7/student_assessment/node_modules/extend/package.json
161 verbose read json /home/ahmed/Oivan/Rails7/student_assessment/node_modules/extend-shallow/package.json
162 verbose read json /home/ahmed/Oivan/Rails7/student_assessment/node_modules/extglob/package.json
163 verbose read json /home/ahmed/Oivan/Rails7/student_assessment/node_modules/fancy-log/package.json
164 verbose read json /home/ahmed/Oivan/Rails7/student_assessment/node_modules/fast-safe-stringify/package.json
165 verbose read json /home/ahmed/Oivan/Rails7/student_assessment/node_modules/faye-websocket/package.json
166 verbose read json /home/ahmed/Oivan/Rails7/student_assessment/node_modules/fill-range/package.json
167 verbose read json /home/ahmed/Oivan/Rails7/student_assessment/node_modules/finalhandler/package.json
168 verbose read json /home/ahmed/Oivan/Rails7/student_assessment/node_modules/find-index/package.json
169 verbose read json /home/ahmed/Oivan/Rails7/student_assessment/node_modules/findup-sync/package.json
170 verbose read json /home/ahmed/Oivan/Rails7/student_assessment/node_modules/fined/package.json
171 verbose read json /home/ahmed/Oivan/Rails7/student_assessment/node_modules/first-chunk-stream/package.json
172 verbose read json /home/ahmed/Oivan/Rails7/student_assessment/node_modules/flagged-respawn/package.json
173 verbose read json /home/ahmed/Oivan/Rails7/student_assessment/node_modules/for-in/package.json
174 verbose read json /home/ahmed/Oivan/Rails7/student_assessment/node_modules/for-own/package.json
175 verbose read json /home/ahmed/Oivan/Rails7/student_assessment/node_modules/foreach/package.json
176 verbose read json /home/ahmed/Oivan/Rails7/student_assessment/node_modules/fragment-cache/package.json
177 verbose read json /home/ahmed/Oivan/Rails7/student_assessment/node_modules/fresh/package.json
178 verbose read json /home/ahmed/Oivan/Rails7/student_assessment/node_modules/fs.realpath/package.json
179 verbose read json /home/ahmed/Oivan/Rails7/student_assessment/node_modules/function-bind/package.json
180 verbose read json /home/ahmed/Oivan/Rails7/student_assessment/node_modules/gaze/package.json
181 verbose read json /home/ahmed/Oivan/Rails7/student_assessment/node_modules/get-assigned-identifiers/package.json
182 verbose read json /home/ahmed/Oivan/Rails7/student_assessment/node_modules/get-intrinsic/package.json
183 verbose read json /home/ahmed/Oivan/Rails7/student_assessment/node_modules/get-symbol-description/package.json
184 verbose read json /home/ahmed/Oivan/Rails7/student_assessment/node_modules/get-value/package.json
185 verbose read json /home/ahmed/Oivan/Rails7/student_assessment/node_modules/glob/package.json
186 verbose read json /home/ahmed/Oivan/Rails7/student_assessment/node_modules/glob-parent/package.json
187 verbose read json /home/ahmed/Oivan/Rails7/student_assessment/node_modules/glob-stream/package.json
188 verbose read json /home/ahmed/Oivan/Rails7/student_assessment/node_modules/glob-watcher/package.json
189 verbose read json /home/ahmed/Oivan/Rails7/student_assessment/node_modules/glob2base/package.json
190 verbose read json /home/ahmed/Oivan/Rails7/student_assessment/node_modules/global-modules/package.json
191 verbose read json /home/ahmed/Oivan/Rails7/student_assessment/node_modules/global-prefix/package.json
192 verbose read json /home/ahmed/Oivan/Rails7/student_assessment/node_modules/globule/package.json
193 verbose read json /home/ahmed/Oivan/Rails7/student_assessment/node_modules/glogg/package.json
194 verbose read json /home/ahmed/Oivan/Rails7/student_assessment/node_modules/graceful-fs/package.json
195 verbose read json /home/ahmed/Oivan/Rails7/student_assessment/node_modules/gulp/package.json
196 verbose read json /home/ahmed/Oivan/Rails7/student_assessment/node_modules/gulp-autoprefixer/package.json
197 verbose read json /home/ahmed/Oivan/Rails7/student_assessment/node_modules/gulp-cache/package.json
198 verbose read json /home/ahmed/Oivan/Rails7/student_assessment/node_modules/gulp-jshint/package.json
199 verbose read json /home/ahmed/Oivan/Rails7/student_assessment/node_modules/gulp-less/package.json
200 verbose read json /home/ahmed/Oivan/Rails7/student_assessment/node_modules/gulp-livereload/package.json
201 verbose read json /home/ahmed/Oivan/Rails7/student_assessment/node_modules/gulp-minify-html/package.json
202 verbose read json /home/ahmed/Oivan/Rails7/student_assessment/node_modules/gulp-plumber/package.json
203 verbose read json /home/ahmed/Oivan/Rails7/student_assessment/node_modules/gulp-ruby-sass/package.json
204 verbose read json /home/ahmed/Oivan/Rails7/student_assessment/node_modules/gulp-size/package.json
205 verbose read json /home/ahmed/Oivan/Rails7/student_assessment/node_modules/gulp-uglify/package.json
206 verbose read json /home/ahmed/Oivan/Rails7/student_assessment/node_modules/gulp-util/package.json
207 verbose read json /home/ahmed/Oivan/Rails7/student_assessment/node_modules/gulplog/package.json
208 verbose read json /home/ahmed/Oivan/Rails7/student_assessment/node_modules/gzip-size/package.json
209 verbose read json /home/ahmed/Oivan/Rails7/student_assessment/node_modules/has/package.json
210 verbose read json /home/ahmed/Oivan/Rails7/student_assessment/node_modules/has-ansi/package.json
211 verbose read json /home/ahmed/Oivan/Rails7/student_assessment/node_modules/has-bigints/package.json
212 verbose read json /home/ahmed/Oivan/Rails7/student_assessment/node_modules/has-flag/package.json
213 verbose read json /home/ahmed/Oivan/Rails7/student_assessment/node_modules/has-gulplog/package.json
214 verbose read json /home/ahmed/Oivan/Rails7/student_assessment/node_modules/has-property-descriptors/package.json
215 verbose read json /home/ahmed/Oivan/Rails7/student_assessment/node_modules/has-symbols/package.json
216 verbose read json /home/ahmed/Oivan/Rails7/student_assessment/node_modules/has-tostringtag/package.json
217 verbose read json /home/ahmed/Oivan/Rails7/student_assessment/node_modules/has-value/package.json
218 verbose read json /home/ahmed/Oivan/Rails7/student_assessment/node_modules/has-values/package.json
219 verbose read json /home/ahmed/Oivan/Rails7/student_assessment/node_modules/hash-base/package.json
220 verbose read json /home/ahmed/Oivan/Rails7/student_assessment/node_modules/hash.js/package.json
221 verbose read json /home/ahmed/Oivan/Rails7/student_assessment/node_modules/hmac-drbg/package.json
222 verbose read json /home/ahmed/Oivan/Rails7/student_assessment/node_modules/homedir-polyfill/package.json
223 verbose read json /home/ahmed/Oivan/Rails7/student_assessment/node_modules/htmlescape/package.json
224 verbose read json /home/ahmed/Oivan/Rails7/student_assessment/node_modules/htmlparser2/package.json
225 verbose read json /home/ahmed/Oivan/Rails7/student_assessment/node_modules/http-errors/package.json
226 verbose read json /home/ahmed/Oivan/Rails7/student_assessment/node_modules/http-parser-js/package.json
227 verbose read json /home/ahmed/Oivan/Rails7/student_assessment/node_modules/https-browserify/package.json
228 verbose read json /home/ahmed/Oivan/Rails7/student_assessment/node_modules/iconv-lite/package.json
229 verbose read json /home/ahmed/Oivan/Rails7/student_assessment/node_modules/ieee754/package.json
230 verbose read json /home/ahmed/Oivan/Rails7/student_assessment/node_modules/image-size/package.json
231 verbose read json /home/ahmed/Oivan/Rails7/student_assessment/node_modules/inflight/package.json
232 verbose read json /home/ahmed/Oivan/Rails7/student_assessment/node_modules/inherits/package.json
233 verbose read json /home/ahmed/Oivan/Rails7/student_assessment/node_modules/ini/package.json
234 verbose read json /home/ahmed/Oivan/Rails7/student_assessment/node_modules/inline-source-map/package.json
235 verbose read json /home/ahmed/Oivan/Rails7/student_assessment/node_modules/insert-module-globals/package.json
236 verbose read json /home/ahmed/Oivan/Rails7/student_assessment/node_modules/internal-slot/package.json
237 verbose read json /home/ahmed/Oivan/Rails7/student_assessment/node_modules/interpret/package.json
238 verbose read json /home/ahmed/Oivan/Rails7/student_assessment/node_modules/is-absolute/package.json
239 verbose read json /home/ahmed/Oivan/Rails7/student_assessment/node_modules/is-accessor-descriptor/package.json
240 verbose read json /home/ahmed/Oivan/Rails7/student_assessment/node_modules/is-arguments/package.json
241 verbose read json /home/ahmed/Oivan/Rails7/student_assessment/node_modules/is-bigint/package.json
242 verbose read json /home/ahmed/Oivan/Rails7/student_assessment/node_modules/is-binary-path/package.json
243 verbose read json /home/ahmed/Oivan/Rails7/student_assessment/node_modules/is-boolean-object/package.json
244 verbose read json /home/ahmed/Oivan/Rails7/student_assessment/node_modules/is-buffer/package.json
245 verbose read json /home/ahmed/Oivan/Rails7/student_assessment/node_modules/is-callable/package.json
246 verbose read json /home/ahmed/Oivan/Rails7/student_assessment/node_modules/is-core-module/package.json
247 verbose read json /home/ahmed/Oivan/Rails7/student_assessment/node_modules/is-data-descriptor/package.json
248 verbose read json /home/ahmed/Oivan/Rails7/student_assessment/node_modules/is-date-object/package.json
249 verbose read json /home/ahmed/Oivan/Rails7/student_assessment/node_modules/is-descriptor/package.json
250 verbose read json /home/ahmed/Oivan/Rails7/student_assessment/node_modules/is-extendable/package.json
251 verbose read json /home/ahmed/Oivan/Rails7/student_assessment/node_modules/is-extglob/package.json
252 verbose read json /home/ahmed/Oivan/Rails7/student_assessment/node_modules/is-generator-function/package.json
253 verbose read json /home/ahmed/Oivan/Rails7/student_assessment/node_modules/is-glob/package.json
254 verbose read json /home/ahmed/Oivan/Rails7/student_assessment/node_modules/is-negative-zero/package.json
255 verbose read json /home/ahmed/Oivan/Rails7/student_assessment/node_modules/is-number/package.json
256 verbose read json /home/ahmed/Oivan/Rails7/student_assessment/node_modules/is-number-object/package.json
257 verbose read json /home/ahmed/Oivan/Rails7/student_assessment/node_modules/is-plain-object/package.json
258 verbose read json /home/ahmed/Oivan/Rails7/student_assessment/node_modules/is-regex/package.json
259 verbose read json /home/ahmed/Oivan/Rails7/student_assessment/node_modules/is-relative/package.json
260 verbose read json /home/ahmed/Oivan/Rails7/student_assessment/node_modules/is-shared-array-buffer/package.json
261 verbose read json /home/ahmed/Oivan/Rails7/student_assessment/node_modules/is-string/package.json
262 verbose read json /home/ahmed/Oivan/Rails7/student_assessment/node_modules/is-symbol/package.json
263 verbose read json /home/ahmed/Oivan/Rails7/student_assessment/node_modules/is-typed-array/package.json
264 verbose read json /home/ahmed/Oivan/Rails7/student_assessment/node_modules/is-unc-path/package.json
265 verbose read json /home/ahmed/Oivan/Rails7/student_assessment/node_modules/is-utf8/package.json
266 verbose read json /home/ahmed/Oivan/Rails7/student_assessment/node_modules/is-weakref/package.json
267 verbose read json /home/ahmed/Oivan/Rails7/student_assessment/node_modules/is-what/package.json
268 verbose read json /home/ahmed/Oivan/Rails7/student_assessment/node_modules/is-windows/package.json
269 verbose read json /home/ahmed/Oivan/Rails7/student_assessment/node_modules/is-wsl/package.json
270 verbose read json /home/ahmed/Oivan/Rails7/student_assessment/node_modules/isarray/package.json
271 verbose read json /home/ahmed/Oivan/Rails7/student_assessment/node_modules/isexe/package.json
272 verbose read json /home/ahmed/Oivan/Rails7/student_assessment/node_modules/isobject/package.json
273 verbose read json /home/ahmed/Oivan/Rails7/student_assessment/node_modules/jasmine/package.json
274 verbose read json /home/ahmed/Oivan/Rails7/student_assessment/node_modules/jasmine-core/package.json
275 verbose read json /home/ahmed/Oivan/Rails7/student_assessment/node_modules/jshint/package.json
276 verbose read json /home/ahmed/Oivan/Rails7/student_assessment/node_modules/jshint-stylish/package.json
277 verbose read json /home/ahmed/Oivan/Rails7/student_assessment/node_modules/jsonparse/package.json
278 verbose read json /home/ahmed/Oivan/Rails7/student_assessment/node_modules/kind-of/package.json
279 verbose read json /home/ahmed/Oivan/Rails7/student_assessment/node_modules/kuler/package.json
280 verbose read json /home/ahmed/Oivan/Rails7/student_assessment/node_modules/labeled-stream-splicer/package.json
281 verbose read json /home/ahmed/Oivan/Rails7/student_assessment/node_modules/lazypipe/package.json
282 verbose read json /home/ahmed/Oivan/Rails7/student_assessment/node_modules/less/package.json
283 verbose read json /home/ahmed/Oivan/Rails7/student_assessment/node_modules/liftoff/package.json
284 verbose read json /home/ahmed/Oivan/Rails7/student_assessment/node_modules/livereload-js/package.json
285 verbose read json /home/ahmed/Oivan/Rails7/student_assessment/node_modules/lodash/package.json
286 verbose read json /home/ahmed/Oivan/Rails7/student_assessment/node_modules/lodash._basecopy/package.json
287 verbose read json /home/ahmed/Oivan/Rails7/student_assessment/node_modules/lodash._basetostring/package.json
288 verbose read json /home/ahmed/Oivan/Rails7/student_assessment/node_modules/lodash._basevalues/package.json
289 verbose read json /home/ahmed/Oivan/Rails7/student_assessment/node_modules/lodash._getnative/package.json
290 verbose read json /home/ahmed/Oivan/Rails7/student_assessment/node_modules/lodash._isiterateecall/package.json
291 verbose read json /home/ahmed/Oivan/Rails7/student_assessment/node_modules/lodash._reescape/package.json
292 verbose read json /home/ahmed/Oivan/Rails7/student_assessment/node_modules/lodash._reevaluate/package.json
293 verbose read json /home/ahmed/Oivan/Rails7/student_assessment/node_modules/lodash._reinterpolate/package.json
294 verbose read json /home/ahmed/Oivan/Rails7/student_assessment/node_modules/lodash._root/package.json
295 verbose read json /home/ahmed/Oivan/Rails7/student_assessment/node_modules/lodash.assign/package.json
296 verbose read json /home/ahmed/Oivan/Rails7/student_assessment/node_modules/lodash.clonedeep/package.json
297 verbose read json /home/ahmed/Oivan/Rails7/student_assessment/node_modules/lodash.escape/package.json
298 verbose read json /home/ahmed/Oivan/Rails7/student_assessment/node_modules/lodash.isarguments/package.json
299 verbose read json /home/ahmed/Oivan/Rails7/student_assessment/node_modules/lodash.isarray/package.json
300 verbose read json /home/ahmed/Oivan/Rails7/student_assessment/node_modules/lodash.keys/package.json
301 verbose read json /home/ahmed/Oivan/Rails7/student_assessment/node_modules/lodash.memoize/package.json
302 verbose read json /home/ahmed/Oivan/Rails7/student_assessment/node_modules/lodash.restparam/package.json
303 verbose read json /home/ahmed/Oivan/Rails7/student_assessment/node_modules/lodash.template/package.json
304 verbose read json /home/ahmed/Oivan/Rails7/student_assessment/node_modules/lodash.templatesettings/package.json
305 verbose read json /home/ahmed/Oivan/Rails7/student_assessment/node_modules/log-symbols/package.json
306 verbose read json /home/ahmed/Oivan/Rails7/student_assessment/node_modules/lru-cache/package.json
307 verbose read json /home/ahmed/Oivan/Rails7/student_assessment/node_modules/lru-queue/package.json
308 verbose read json /home/ahmed/Oivan/Rails7/student_assessment/node_modules/make-dir/package.json
309 verbose read json /home/ahmed/Oivan/Rails7/student_assessment/node_modules/make-error/package.json
310 verbose read json /home/ahmed/Oivan/Rails7/student_assessment/node_modules/make-error-cause/package.json
311 verbose read json /home/ahmed/Oivan/Rails7/student_assessment/node_modules/make-iterator/package.json
312 verbose read json /home/ahmed/Oivan/Rails7/student_assessment/node_modules/map-cache/package.json
313 verbose read json /home/ahmed/Oivan/Rails7/student_assessment/node_modules/map-visit/package.json
314 verbose read json /home/ahmed/Oivan/Rails7/student_assessment/node_modules/md5-hex/package.json
315 verbose read json /home/ahmed/Oivan/Rails7/student_assessment/node_modules/md5-o-matic/package.json
316 verbose read json /home/ahmed/Oivan/Rails7/student_assessment/node_modules/md5.js/package.json
317 verbose read json /home/ahmed/Oivan/Rails7/student_assessment/node_modules/memoizee/package.json
318 verbose read json /home/ahmed/Oivan/Rails7/student_assessment/node_modules/micromatch/package.json
319 verbose read json /home/ahmed/Oivan/Rails7/student_assessment/node_modules/miller-rabin/package.json
320 verbose read json /home/ahmed/Oivan/Rails7/student_assessment/node_modules/mime/package.json
321 verbose read json /home/ahmed/Oivan/Rails7/student_assessment/node_modules/mime-db/package.json
322 verbose read json /home/ahmed/Oivan/Rails7/student_assessment/node_modules/mime-types/package.json
323 verbose read json /home/ahmed/Oivan/Rails7/student_assessment/node_modules/minimalistic-assert/package.json
324 verbose read json /home/ahmed/Oivan/Rails7/student_assessment/node_modules/minimalistic-crypto-utils/package.json
325 verbose read json /home/ahmed/Oivan/Rails7/student_assessment/node_modules/minimatch/package.json
326 verbose read json /home/ahmed/Oivan/Rails7/student_assessment/node_modules/minimist/package.json
327 verbose read json /home/ahmed/Oivan/Rails7/student_assessment/node_modules/minimize/package.json
328 verbose read json /home/ahmed/Oivan/Rails7/student_assessment/node_modules/mixin-deep/package.json
329 verbose read json /home/ahmed/Oivan/Rails7/student_assessment/node_modules/mkdirp/package.json
330 verbose read json /home/ahmed/Oivan/Rails7/student_assessment/node_modules/mkdirp-classic/package.json
331 verbose read json /home/ahmed/Oivan/Rails7/student_assessment/node_modules/module-deps/package.json
332 verbose read json /home/ahmed/Oivan/Rails7/student_assessment/node_modules/ms/package.json
333 verbose read json /home/ahmed/Oivan/Rails7/student_assessment/node_modules/multipipe/package.json
334 verbose read json /home/ahmed/Oivan/Rails7/student_assessment/node_modules/nanomatch/package.json
335 verbose read json /home/ahmed/Oivan/Rails7/student_assessment/node_modules/natives/package.json
336 verbose read json /home/ahmed/Oivan/Rails7/student_assessment/node_modules/needle/package.json
337 verbose read json /home/ahmed/Oivan/Rails7/student_assessment/node_modules/negotiator/package.json
338 verbose read json /home/ahmed/Oivan/Rails7/student_assessment/node_modules/next-tick/package.json
339 verbose read json /home/ahmed/Oivan/Rails7/student_assessment/node_modules/node-releases/package.json
340 verbose read json /home/ahmed/Oivan/Rails7/student_assessment/node_modules/node-uuid/package.json
341 verbose read json /home/ahmed/Oivan/Rails7/student_assessment/node_modules/normalize-path/package.json
342 verbose read json /home/ahmed/Oivan/Rails7/student_assessment/node_modules/normalize-range/package.json
343 verbose read json /home/ahmed/Oivan/Rails7/student_assessment/node_modules/num2fraction/package.json
344 verbose read json /home/ahmed/Oivan/Rails7/student_assessment/node_modules/object-assign/package.json
345 verbose read json /home/ahmed/Oivan/Rails7/student_assessment/node_modules/object-copy/package.json
346 verbose read json /home/ahmed/Oivan/Rails7/student_assessment/node_modules/object-inspect/package.json
347 verbose read json /home/ahmed/Oivan/Rails7/student_assessment/node_modules/object-keys/package.json
348 verbose read json /home/ahmed/Oivan/Rails7/student_assessment/node_modules/object-visit/package.json
349 verbose read json /home/ahmed/Oivan/Rails7/student_assessment/node_modules/object.assign/package.json
350 verbose read json /home/ahmed/Oivan/Rails7/student_assessment/node_modules/object.defaults/package.json
351 verbose read json /home/ahmed/Oivan/Rails7/student_assessment/node_modules/object.map/package.json
352 verbose read json /home/ahmed/Oivan/Rails7/student_assessment/node_modules/object.pick/package.json
353 verbose read json /home/ahmed/Oivan/Rails7/student_assessment/node_modules/on-finished/package.json
354 verbose read json /home/ahmed/Oivan/Rails7/student_assessment/node_modules/once/package.json
355 verbose read json /home/ahmed/Oivan/Rails7/student_assessment/node_modules/onetime/package.json
356 verbose read json /home/ahmed/Oivan/Rails7/student_assessment/node_modules/opn/package.json
357 verbose read json /home/ahmed/Oivan/Rails7/student_assessment/node_modules/orchestrator/package.json
358 verbose read json /home/ahmed/Oivan/Rails7/student_assessment/node_modules/ordered-read-streams/package.json
359 verbose read json /home/ahmed/Oivan/Rails7/student_assessment/node_modules/os-browserify/package.json
360 verbose read json /home/ahmed/Oivan/Rails7/student_assessment/node_modules/os-homedir/package.json
361 verbose read json /home/ahmed/Oivan/Rails7/student_assessment/node_modules/outpipe/package.json
362 verbose read json /home/ahmed/Oivan/Rails7/student_assessment/node_modules/pako/package.json
363 verbose read json /home/ahmed/Oivan/Rails7/student_assessment/node_modules/parents/package.json
364 verbose read json /home/ahmed/Oivan/Rails7/student_assessment/node_modules/parse-asn1/package.json
365 verbose read json /home/ahmed/Oivan/Rails7/student_assessment/node_modules/parse-filepath/package.json
366 verbose read json /home/ahmed/Oivan/Rails7/student_assessment/node_modules/parse-node-version/package.json
367 verbose read json /home/ahmed/Oivan/Rails7/student_assessment/node_modules/parse-passwd/package.json
368 verbose read json /home/ahmed/Oivan/Rails7/student_assessment/node_modules/parseurl/package.json
369 verbose read json /home/ahmed/Oivan/Rails7/student_assessment/node_modules/pascalcase/package.json
370 verbose read json /home/ahmed/Oivan/Rails7/student_assessment/node_modules/path-browserify/package.json
371 verbose read json /home/ahmed/Oivan/Rails7/student_assessment/node_modules/path-exists/package.json
372 verbose read json /home/ahmed/Oivan/Rails7/student_assessment/node_modules/path-is-absolute/package.json
373 verbose read json /home/ahmed/Oivan/Rails7/student_assessment/node_modules/path-parse/package.json
374 verbose read json /home/ahmed/Oivan/Rails7/student_assessment/node_modules/path-platform/package.json
375 verbose read json /home/ahmed/Oivan/Rails7/student_assessment/node_modules/path-root/package.json
376 verbose read json /home/ahmed/Oivan/Rails7/student_assessment/node_modules/path-root-regex/package.json
377 verbose read json /home/ahmed/Oivan/Rails7/student_assessment/node_modules/pbkdf2/package.json
378 verbose read json /home/ahmed/Oivan/Rails7/student_assessment/node_modules/picocolors/package.json
379 verbose read json /home/ahmed/Oivan/Rails7/student_assessment/node_modules/picomatch/package.json
380 verbose read json /home/ahmed/Oivan/Rails7/student_assessment/node_modules/pify/package.json
381 verbose read json /home/ahmed/Oivan/Rails7/student_assessment/node_modules/plugin-error/package.json
382 verbose read json /home/ahmed/Oivan/Rails7/student_assessment/node_modules/posix-character-classes/package.json
383 verbose read json /home/ahmed/Oivan/Rails7/student_assessment/node_modules/postcss/package.json
384 verbose read json /home/ahmed/Oivan/Rails7/student_assessment/node_modules/postcss-value-parser/package.json
385 verbose read json /home/ahmed/Oivan/Rails7/student_assessment/node_modules/pretty-bytes/package.json
386 verbose read json /home/ahmed/Oivan/Rails7/student_assessment/node_modules/pretty-hrtime/package.json
387 verbose read json /home/ahmed/Oivan/Rails7/student_assessment/node_modules/process/package.json
388 verbose read json /home/ahmed/Oivan/Rails7/student_assessment/node_modules/process-nextick-args/package.json
389 verbose read json /home/ahmed/Oivan/Rails7/student_assessment/node_modules/prr/package.json
390 verbose read json /home/ahmed/Oivan/Rails7/student_assessment/node_modules/pseudomap/package.json
391 verbose read json /home/ahmed/Oivan/Rails7/student_assessment/node_modules/public-encrypt/package.json
392 verbose read json /home/ahmed/Oivan/Rails7/student_assessment/node_modules/punycode/package.json
393 verbose read json /home/ahmed/Oivan/Rails7/student_assessment/node_modules/qs/package.json
394 verbose read json /home/ahmed/Oivan/Rails7/student_assessment/node_modules/querystring/package.json
395 verbose read json /home/ahmed/Oivan/Rails7/student_assessment/node_modules/querystring-es3/package.json
396 verbose read json /home/ahmed/Oivan/Rails7/student_assessment/node_modules/randombytes/package.json
397 verbose read json /home/ahmed/Oivan/Rails7/student_assessment/node_modules/randomfill/package.json
398 verbose read json /home/ahmed/Oivan/Rails7/student_assessment/node_modules/range-parser/package.json
399 verbose read json /home/ahmed/Oivan/Rails7/student_assessment/node_modules/raw-body/package.json
400 verbose read json /home/ahmed/Oivan/Rails7/student_assessment/node_modules/rcfinder/package.json
401 verbose read json /home/ahmed/Oivan/Rails7/student_assessment/node_modules/rcloader/package.json
402 verbose read json /home/ahmed/Oivan/Rails7/student_assessment/node_modules/read-only-stream/package.json
403 verbose read json /home/ahmed/Oivan/Rails7/student_assessment/node_modules/readable-stream/package.json
404 verbose read json /home/ahmed/Oivan/Rails7/student_assessment/node_modules/readdirp/package.json
405 verbose read json /home/ahmed/Oivan/Rails7/student_assessment/node_modules/rechoir/package.json
406 verbose read json /home/ahmed/Oivan/Rails7/student_assessment/node_modules/regenerator-runtime/package.json
407 verbose read json /home/ahmed/Oivan/Rails7/student_assessment/node_modules/regex-not/package.json
408 verbose read json /home/ahmed/Oivan/Rails7/student_assessment/node_modules/remove-trailing-separator/package.json
409 verbose read json /home/ahmed/Oivan/Rails7/student_assessment/node_modules/repeat-element/package.json
410 verbose read json /home/ahmed/Oivan/Rails7/student_assessment/node_modules/repeat-string/package.json
411 verbose read json /home/ahmed/Oivan/Rails7/student_assessment/node_modules/replace-ext/package.json
412 verbose read json /home/ahmed/Oivan/Rails7/student_assessment/node_modules/resolve/package.json
413 verbose read json /home/ahmed/Oivan/Rails7/student_assessment/node_modules/resolve-dir/package.json
414 verbose read json /home/ahmed/Oivan/Rails7/student_assessment/node_modules/resolve-url/package.json
415 verbose read json /home/ahmed/Oivan/Rails7/student_assessment/node_modules/ret/package.json
416 verbose read json /home/ahmed/Oivan/Rails7/student_assessment/node_modules/rimraf/package.json
417 verbose read json /home/ahmed/Oivan/Rails7/student_assessment/node_modules/ripemd160/package.json
418 verbose read json /home/ahmed/Oivan/Rails7/student_assessment/node_modules/safe-buffer/package.json
419 verbose read json /home/ahmed/Oivan/Rails7/student_assessment/node_modules/safe-json-parse/package.json
420 verbose read json /home/ahmed/Oivan/Rails7/student_assessment/node_modules/safe-regex/package.json
421 verbose read json /home/ahmed/Oivan/Rails7/student_assessment/node_modules/safer-buffer/package.json
422 verbose read json /home/ahmed/Oivan/Rails7/student_assessment/node_modules/sax/package.json
423 verbose read json /home/ahmed/Oivan/Rails7/student_assessment/node_modules/semver/package.json
424 verbose read json /home/ahmed/Oivan/Rails7/student_assessment/node_modules/send/package.json
425 verbose read json /home/ahmed/Oivan/Rails7/student_assessment/node_modules/sequencify/package.json
426 verbose read json /home/ahmed/Oivan/Rails7/student_assessment/node_modules/serve-index/package.json
427 verbose read json /home/ahmed/Oivan/Rails7/student_assessment/node_modules/serve-static/package.json
428 verbose read json /home/ahmed/Oivan/Rails7/student_assessment/node_modules/set-immediate-shim/package.json
429 verbose read json /home/ahmed/Oivan/Rails7/student_assessment/node_modules/set-value/package.json
430 verbose read json /home/ahmed/Oivan/Rails7/student_assessment/node_modules/setprototypeof/package.json
431 verbose read json /home/ahmed/Oivan/Rails7/student_assessment/node_modules/sha.js/package.json
432 verbose read json /home/ahmed/Oivan/Rails7/student_assessment/node_modules/shasum-object/package.json
433 verbose read json /home/ahmed/Oivan/Rails7/student_assessment/node_modules/shebang-command/package.json
434 verbose read json /home/ahmed/Oivan/Rails7/student_assessment/node_modules/shebang-regex/package.json
435 verbose read json /home/ahmed/Oivan/Rails7/student_assessment/node_modules/shell-quote/package.json
436 verbose read json /home/ahmed/Oivan/Rails7/student_assessment/node_modules/side-channel/package.json
437 verbose read json /home/ahmed/Oivan/Rails7/student_assessment/node_modules/sigmund/package.json
438 verbose read json /home/ahmed/Oivan/Rails7/student_assessment/node_modules/simple-concat/package.json
439 verbose read json /home/ahmed/Oivan/Rails7/student_assessment/node_modules/snapdragon/package.json
440 verbose read json /home/ahmed/Oivan/Rails7/student_assessment/node_modules/snapdragon-node/package.json
441 verbose read json /home/ahmed/Oivan/Rails7/student_assessment/node_modules/snapdragon-util/package.json
442 verbose read json /home/ahmed/Oivan/Rails7/student_assessment/node_modules/source-map/package.json
443 verbose read json /home/ahmed/Oivan/Rails7/student_assessment/node_modules/source-map-resolve/package.json
444 verbose read json /home/ahmed/Oivan/Rails7/student_assessment/node_modules/source-map-url/package.json
445 verbose read json /home/ahmed/Oivan/Rails7/student_assessment/node_modules/sparkles/package.json
446 verbose read json /home/ahmed/Oivan/Rails7/student_assessment/node_modules/split-string/package.json
447 verbose read json /home/ahmed/Oivan/Rails7/student_assessment/node_modules/static-extend/package.json
448 verbose read json /home/ahmed/Oivan/Rails7/student_assessment/node_modules/statuses/package.json
449 verbose read json /home/ahmed/Oivan/Rails7/student_assessment/node_modules/stream-browserify/package.json
450 verbose read json /home/ahmed/Oivan/Rails7/student_assessment/node_modules/stream-combiner/package.json
451 verbose read json /home/ahmed/Oivan/Rails7/student_assessment/node_modules/stream-combiner2/package.json
452 verbose read json /home/ahmed/Oivan/Rails7/student_assessment/node_modules/stream-consume/package.json
453 verbose read json /home/ahmed/Oivan/Rails7/student_assessment/node_modules/stream-counter/package.json
454 verbose read json /home/ahmed/Oivan/Rails7/student_assessment/node_modules/stream-http/package.json
455 verbose read json /home/ahmed/Oivan/Rails7/student_assessment/node_modules/stream-splicer/package.json
456 verbose read json /home/ahmed/Oivan/Rails7/student_assessment/node_modules/string-length/package.json
457 verbose read json /home/ahmed/Oivan/Rails7/student_assessment/node_modules/string-template/package.json
458 verbose read json /home/ahmed/Oivan/Rails7/student_assessment/node_modules/string.prototype.trimend/package.json
459 verbose read json /home/ahmed/Oivan/Rails7/student_assessment/node_modules/string.prototype.trimstart/package.json
460 verbose read json /home/ahmed/Oivan/Rails7/student_assessment/node_modules/string_decoder/package.json
461 verbose read json /home/ahmed/Oivan/Rails7/student_assessment/node_modules/strip-ansi/package.json
462 verbose read json /home/ahmed/Oivan/Rails7/student_assessment/node_modules/strip-bom/package.json
463 verbose read json /home/ahmed/Oivan/Rails7/student_assessment/node_modules/strip-json-comments/package.json
464 verbose read json /home/ahmed/Oivan/Rails7/student_assessment/node_modules/subarg/package.json
465 verbose read json /home/ahmed/Oivan/Rails7/student_assessment/node_modules/supports-color/package.json
466 verbose read json /home/ahmed/Oivan/Rails7/student_assessment/node_modules/supports-preserve-symlinks-flag/package.json
467 verbose read json /home/ahmed/Oivan/Rails7/student_assessment/node_modules/syntax-error/package.json
468 verbose read json /home/ahmed/Oivan/Rails7/student_assessment/node_modules/text-hex/package.json
469 verbose read json /home/ahmed/Oivan/Rails7/student_assessment/node_modules/text-table/package.json
470 verbose read json /home/ahmed/Oivan/Rails7/student_assessment/node_modules/through/package.json
471 verbose read json /home/ahmed/Oivan/Rails7/student_assessment/node_modules/through2/package.json
472 verbose read json /home/ahmed/Oivan/Rails7/student_assessment/node_modules/tildify/package.json
473 verbose read json /home/ahmed/Oivan/Rails7/student_assessment/node_modules/time-stamp/package.json
474 verbose read json /home/ahmed/Oivan/Rails7/student_assessment/node_modules/timers-browserify/package.json
475 verbose read json /home/ahmed/Oivan/Rails7/student_assessment/node_modules/timers-ext/package.json
476 verbose read json /home/ahmed/Oivan/Rails7/student_assessment/node_modules/tiny-lr/package.json
477 verbose read json /home/ahmed/Oivan/Rails7/student_assessment/node_modules/to-object-path/package.json
478 verbose read json /home/ahmed/Oivan/Rails7/student_assessment/node_modules/to-regex/package.json
479 verbose read json /home/ahmed/Oivan/Rails7/student_assessment/node_modules/to-regex-range/package.json
480 verbose read json /home/ahmed/Oivan/Rails7/student_assessment/node_modules/toidentifier/package.json
481 verbose read json /home/ahmed/Oivan/Rails7/student_assessment/node_modules/tslib/package.json
482 verbose read json /home/ahmed/Oivan/Rails7/student_assessment/node_modules/tty-browserify/package.json
483 verbose read json /home/ahmed/Oivan/Rails7/student_assessment/node_modules/type/package.json
484 verbose read json /home/ahmed/Oivan/Rails7/student_assessment/node_modules/typedarray/package.json
485 verbose read json /home/ahmed/Oivan/Rails7/student_assessment/node_modules/uglify-js/package.json
486 verbose read json /home/ahmed/Oivan/Rails7/student_assessment/node_modules/umd/package.json
487 verbose read json /home/ahmed/Oivan/Rails7/student_assessment/node_modules/unbox-primitive/package.json
488 verbose read json /home/ahmed/Oivan/Rails7/student_assessment/node_modules/unc-path-regex/package.json
489 verbose read json /home/ahmed/Oivan/Rails7/student_assessment/node_modules/undeclared-identifiers/package.json
490 verbose read json /home/ahmed/Oivan/Rails7/student_assessment/node_modules/underscore/package.json
491 verbose read json /home/ahmed/Oivan/Rails7/student_assessment/node_modules/union-value/package.json
492 verbose read json /home/ahmed/Oivan/Rails7/student_assessment/node_modules/unique-stream/package.json
493 verbose read json /home/ahmed/Oivan/Rails7/student_assessment/node_modules/unpipe/package.json
494 verbose read json /home/ahmed/Oivan/Rails7/student_assessment/node_modules/unset-value/package.json
495 verbose read json /home/ahmed/Oivan/Rails7/student_assessment/node_modules/urix/package.json
496 verbose read json /home/ahmed/Oivan/Rails7/student_assessment/node_modules/url/package.json
497 verbose read json /home/ahmed/Oivan/Rails7/student_assessment/node_modules/use/package.json
498 verbose read json /home/ahmed/Oivan/Rails7/student_assessment/node_modules/user-home/package.json
499 verbose read json /home/ahmed/Oivan/Rails7/student_assessment/node_modules/util/package.json
500 verbose read json /home/ahmed/Oivan/Rails7/student_assessment/node_modules/util-deprecate/package.json
501 verbose read json /home/ahmed/Oivan/Rails7/student_assessment/node_modules/utils-merge/package.json
502 verbose read json /home/ahmed/Oivan/Rails7/student_assessment/node_modules/v8flags/package.json
503 verbose read json /home/ahmed/Oivan/Rails7/student_assessment/node_modules/vinyl/package.json
504 verbose read json /home/ahmed/Oivan/Rails7/student_assessment/node_modules/vinyl-fs/package.json
505 verbose read json /home/ahmed/Oivan/Rails7/student_assessment/node_modules/vinyl-source-stream/package.json
506 verbose read json /home/ahmed/Oivan/Rails7/student_assessment/node_modules/vinyl-sourcemaps-apply/package.json
507 verbose read json /home/ahmed/Oivan/Rails7/student_assessment/node_modules/vm-browserify/package.json
508 verbose read json /home/ahmed/Oivan/Rails7/student_assessment/node_modules/watchify/package.json
509 verbose read json /home/ahmed/Oivan/Rails7/student_assessment/node_modules/websocket-driver/package.json
510 verbose read json /home/ahmed/Oivan/Rails7/student_assessment/node_modules/websocket-extensions/package.json
511 verbose read json /home/ahmed/Oivan/Rails7/student_assessment/node_modules/which/package.json
512 verbose read json /home/ahmed/Oivan/Rails7/student_assessment/node_modules/which-boxed-primitive/package.json
513 verbose read json /home/ahmed/Oivan/Rails7/student_assessment/node_modules/which-typed-array/package.json
514 verbose read json /home/ahmed/Oivan/Rails7/student_assessment/node_modules/wrappy/package.json
515 verbose read json /home/ahmed/Oivan/Rails7/student_assessment/node_modules/xtend/package.json
516 verbose read json /home/ahmed/Oivan/Rails7/student_assessment/node_modules/yallist/package.json
517 warn package.json copy-descriptor@0.1.1 No README.md file found!
518 warn package.json get-value@2.0.6 No README.md file found!
519 warn package.json object-copy@0.1.0 No README.md file found!
520 warn package.json static-extend@0.1.2 No README.md file found!
521 verbose from cache /home/ahmed/Oivan/Rails7/student_assessment/package.json
522 verbose readDependencies using package.json deps
523 verbose cache add [ 'gulp-util', null ]
524 verbose cache add name=undefined spec="gulp-util" args=["gulp-util",null]
525 verbose parsed url { protocol: null,
525 verbose parsed url   slashes: null,
525 verbose parsed url   auth: null,
525 verbose parsed url   host: null,
525 verbose parsed url   port: null,
525 verbose parsed url   hostname: null,
525 verbose parsed url   hash: null,
525 verbose parsed url   search: null,
525 verbose parsed url   query: null,
525 verbose parsed url   pathname: 'gulp-util',
525 verbose parsed url   path: 'gulp-util',
525 verbose parsed url   href: 'gulp-util' }
526 silly lockFile 77fa12e5-gulp-util gulp-util
527 verbose lock gulp-util /home/ahmed/.npm/77fa12e5-gulp-util.lock
528 silly lockFile 77fa12e5-gulp-util gulp-util
529 silly lockFile 77fa12e5-gulp-util gulp-util
530 verbose addNamed [ 'gulp-util', '' ]
531 verbose addNamed [ null, '' ]
532 silly lockFile ecd61fb3-gulp-util gulp-util@
533 verbose lock gulp-util@ /home/ahmed/.npm/ecd61fb3-gulp-util.lock
534 silly addNameRange { name: 'gulp-util', range: '', hasData: false }
535 verbose url raw gulp-util
536 verbose url resolving [ 'http://registry.npmjs.org/', './gulp-util' ]
537 verbose url resolved http://registry.npmjs.org/gulp-util
538 info trying registry request attempt 1 at 19:59:58
539 http GET http://registry.npmjs.org/gulp-util
540 info retry will retry, error on last attempt: Error: CERT_UNTRUSTED
541 info trying registry request attempt 2 at 20:00:08
542 http GET http://registry.npmjs.org/gulp-util
543 info retry will retry, error on last attempt: Error: CERT_UNTRUSTED
544 info trying registry request attempt 3 at 20:01:09
545 http GET http://registry.npmjs.org/gulp-util
546 silly lockFile ecd61fb3-gulp-util gulp-util@
547 silly lockFile ecd61fb3-gulp-util gulp-util@
548 error Error: CERT_UNTRUSTED
548 error     at SecurePair.<anonymous> (tls.js:1271:32)
548 error     at SecurePair.EventEmitter.emit (events.js:92:17)
548 error     at SecurePair.maybeInitFinished (tls.js:883:10)
548 error     at CleartextStream.read [as _read] (tls.js:421:15)
548 error     at CleartextStream.Readable.read (_stream_readable.js:293:10)
548 error     at EncryptedStream.write [as _write] (tls.js:330:25)
548 error     at doWrite (_stream_writable.js:211:10)
548 error     at writeOrBuffer (_stream_writable.js:201:5)
548 error     at EncryptedStream.Writable.write (_stream_writable.js:172:11)
548 error     at write (_stream_readable.js:547:24)
548 error     at flow (_stream_readable.js:556:7)
548 error     at Socket.pipeOnReadable (_stream_readable.js:588:5)
549 error If you need help, you may report this log at:
549 error     <http://github.com/isaacs/npm/issues>
549 error or email it to:
549 error     <npm-@googlegroups.com>
550 error System Linux 5.13.0-40-generic
551 error command "/home/ahmed/.nvm/v0.10.0/bin/node" "/home/ahmed/.nvm/v0.10.0/bin/npm" "install" "gulp-util"
552 error cwd /home/ahmed/Oivan/Rails7/student_assessment
553 error node -v v0.10.0
554 error npm -v 1.2.14
555 verbose exit [ 1, true ]
